0 info it worked if it ends with ok
1 verbose cli [ 'C:\\Program Files\\nodejs\\node.exe',
1 verbose cli   'C:\\Program Files\\nodejs\\node_modules\\npm\\bin\\npm-cli.js',
1 verbose cli   'start' ]
2 info using npm@3.7.3
3 info using node@v5.9.1
4 verbose run-script [ 'prestart', 'start', 'poststart' ]
5 info lifecycle lotless@1.0.0~prestart: lotless@1.0.0
6 verbose lifecycle lotless@1.0.0~prestart: unsafe-perm in lifecycle true
7 verbose lifecycle lotless@1.0.0~prestart: PATH: C:\Program Files\nodejs\node_modules\npm\bin\node-gyp-bin;C:\Jayesh\MS\MastersProject\lotless\node_modules\.bin;C:\Program Files\nodejs;C:\ProgramData\Oracle\Java\javapath;C:\Program Files (x86)\Lenovo\FusionEngine;C:\Windows\system32;C:\Windows;C:\Windows\System32\Wbem;C:\Windows\System32\WindowsPowerShell\v1.0\;C:\WINDOWS\system32;C:\WINDOWS;C:\WINDOWS\System32\Wbem;C:\WINDOWS\System32\WindowsPowerShell\v1.0\;C:\Program Files\Java\jdk1.8.0_73\bin;C:\Program Files\apache-maven-3.3.9\bin;C:\Program Files\Amazon\AWSCLI\;C:\Program Files\MongoDB\Server\3.2\bin;C:\Program Files\ibm\gsk8\lib64;C:\Program Files (x86)\ibm\gsk8\lib;C:\Program Files\nodejs\;C:\PROGRA~2\Groovy\GROOVY~1.6\bin;C:\Program Files (x86)\Groovy\Groovy-2.4.6\bin;C:\Program Files (x86)\CodeBlocks\MinGW\bin;C:\Program Files\MySQL\MySQL Server 5.7\bin;C:\Program Files (x86)\NVIDIA Corporation\PhysX\Common;C:\Program Files (x86)\Skype\Phone\;C:\Program Files (x86)\Windows Kits\8.1\Windows Performance Toolkit\;"C:\Program Files\R\R-3.3.2\bin\x64";C:\Go\bin;C:\Program Files\MySQL\MySQL Utilities 1.6\;C:\WINDOWS\system32;C:\WINDOWS;C:\WINDOWS\System32\Wbem;C:\WINDOWS\System32\WindowsPowerShell\v1.0\;C:\Program Files\Git\cmd;C:\Ruby24-x64\bin;C:\Users\Jayesh\AppData\Local\Programs\Python\Python36\Scripts\;C:\Users\Jayesh\AppData\Local\Programs\Python\Python36\;C:\Users\Jayesh\AppData\Roaming\npm;C:\Users\Jayesh\AppData\Local\Microsoft\WindowsApps;;C:\Program Files\Microsoft VS Code\bin;C:\Program Files\Heroku\bin
8 verbose lifecycle lotless@1.0.0~prestart: CWD: C:\Jayesh\MS\MastersProject\lotless
9 silly lifecycle lotless@1.0.0~prestart: Args: [ '/d /s /c', 'npm run -s build' ]
10 silly lifecycle lotless@1.0.0~prestart: Returned: code: 1  signal: null
11 info lifecycle lotless@1.0.0~prestart: Failed to exec prestart script
12 verbose stack Error: lotless@1.0.0 prestart: `npm run -s build`
12 verbose stack Exit status 1
12 verbose stack     at EventEmitter.<anonymous> (C:\Program Files\nodejs\node_modules\npm\lib\utils\lifecycle.js:239:16)
12 verbose stack     at emitTwo (events.js:100:13)
12 verbose stack     at EventEmitter.emit (events.js:185:7)
12 verbose stack     at ChildProcess.<anonymous> (C:\Program Files\nodejs\node_modules\npm\lib\utils\spawn.js:24:14)
12 verbose stack     at emitTwo (events.js:100:13)
12 verbose stack     at ChildProcess.emit (events.js:185:7)
12 verbose stack     at maybeClose (internal/child_process.js:850:16)
12 verbose stack     at Process.ChildProcess._handle.onexit (internal/child_process.js:215:5)
13 verbose pkgid lotless@1.0.0
14 verbose cwd C:\Jayesh\MS\MastersProject\lotless
15 error Windows_NT 10.0.15063
16 error argv "C:\\Program Files\\nodejs\\node.exe" "C:\\Program Files\\nodejs\\node_modules\\npm\\bin\\npm-cli.js" "start"
17 error node v5.9.1
18 error npm  v3.7.3
19 error code ELIFECYCLE
20 error lotless@1.0.0 prestart: `npm run -s build`
20 error Exit status 1
21 error Failed at the lotless@1.0.0 prestart script 'npm run -s build'.
21 error Make sure you have the latest version of node.js and npm installed.
21 error If you do, this is most likely a problem with the lotless package,
21 error not with npm itself.
21 error Tell the author that this fails on your system:
21 error     npm run -s build
21 error You can get information on how to open an issue for this project with:
21 error     npm bugs lotless
21 error Or if that isn't available, you can get their info via:
21 error     npm owner ls lotless
21 error There is likely additional logging output above.
22 verbose exit [ 1, true ]
